<?xml version="1.0" encoding="UTF-8"?>
<!-- Generated by org.testng.reporters.JUnitReportReporter -->
<testsuite hostname="smart" name="vadtalTesting.Dummy" tests="1" failures="0" timestamp="16 Mar 2017 08:27:21 GMT" time="34.796" errors="0">
  <testcase name="testVadtal" time="34.796" classname="vadtalTesting.Dummy"/>
</testsuite> <!-- vadtalTesting.Dummy -->
