<?xml version="1.0" encoding="UTF-8"?>
<!-- Generated by org.testng.reporters.JUnitReportReporter -->
<testsuite hostname="smart" name="vadtalTesting.DonationReciept" tests="1" failures="0" timestamp="15 Mar 2017 10:30:07 GMT" time="37.193" errors="0">
  <testcase name="testVadtal" time="37.193" classname="vadtalTesting.DonationReciept"/>
</testsuite> <!-- vadtalTesting.DonationReciept -->
