<?xml version="1.0" encoding="UTF-8"?>
<!-- Generated by org.testng.reporters.JUnitReportReporter -->
<testsuite hostname="smart" name="vadtalTesting.DonationReceipt" tests="1" failures="0" timestamp="18 Apr 2017 05:04:48 GMT" time="37.544" errors="0">
  <testcase name="testVadtal" time="37.544" classname="vadtalTesting.DonationReceipt"/>
</testsuite> <!-- vadtalTesting.DonationReceipt -->
