<?xml version="1.0" encoding="UTF-8"?>
<!-- Generated by org.testng.reporters.JUnitReportReporter -->
<testsuite hostname="smart" name="vadtalTesting.DonationReceiptValidation1" tests="1" failures="0" timestamp="23 May 2017 11:36:49 GMT" time="46.768" errors="0">
  <testcase name="testVadtal" time="46.768" classname="vadtalTesting.DonationReceiptValidation1"/>
</testsuite> <!-- vadtalTesting.DonationReceiptValidation1 -->
