<?xml version="1.0" encoding="UTF-8"?>
<!-- Generated by org.testng.reporters.JUnitReportReporter -->
<testsuite hostname="smart" name="vadtalTesting.DonationRecieptValidation" tests="1" failures="0" timestamp="16 Mar 2017 10:24:52 GMT" time="237.996" errors="0">
  <testcase name="testVadtal" time="237.996" classname="vadtalTesting.DonationRecieptValidation"/>
</testsuite> <!-- vadtalTesting.DonationRecieptValidation -->
